2023-01-19 23:12:04 INFO  Json file created
2023-01-19 23:12:04 INFO  Xml file created
2023-01-20 00:18:50 INFO  Getting properties
2023-01-20 00:18:50 INFO  User message created
2023-01-20 00:18:50 INFO  Getting settings properties
2023-01-20 00:19:27 INFO  Getting properties
2023-01-20 00:19:27 INFO  User message created
2023-01-20 00:19:27 INFO  Getting settings properties
2023-01-20 00:20:13 INFO  Getting properties
2023-01-20 00:20:13 INFO  User message created
2023-01-20 00:20:13 INFO  Getting settings properties
2023-01-20 00:20:13 INFO  Xml file created
2023-01-20 00:25:29 INFO  Getting properties
2023-01-20 00:25:29 INFO  User message created
2023-01-20 00:25:29 INFO  Getting settings properties
2023-01-20 00:25:29 INFO  Json file created
2023-01-20 00:26:16 INFO  Getting properties
2023-01-20 00:26:16 INFO  User message created
2023-01-20 00:26:16 INFO  Getting settings properties
2023-01-20 00:26:17 INFO  Xml file created
2023-01-23 12:22:07 INFO  Getting properties
2023-01-23 12:22:07 INFO  User message created
