2023-01-16 16:53:40 INFO  Getting properties
2023-01-16 16:53:40 INFO  User message created
2023-01-16 16:53:41 INFO  Json file created
2023-01-16 16:53:41 INFO  Xml file created
2023-01-16 19:29:27 INFO  Getting properties
2023-01-16 19:29:27 INFO  User message created
2023-01-16 19:29:27 INFO  Json file created
2023-01-16 19:29:27 INFO  Xml file created
2023-01-16 19:30:41 INFO  Getting properties
2023-01-16 19:30:41 INFO  User message created
2023-01-16 19:30:42 INFO  Json file created
2023-01-16 19:30:42 INFO  Xml file created
2023-01-19 22:59:50 ERROR Properties hasn't found
2023-01-19 23:00:30 ERROR Properties hasn't found
2023-01-19 23:00:43 ERROR Properties hasn't found
2023-01-19 23:02:55 ERROR Properties hasn't found
2023-01-19 23:07:14 ERROR Properties hasn't found
2023-01-19 23:07:27 ERROR Properties hasn't found
2023-01-19 23:09:24 ERROR Properties hasn't found
2023-01-19 23:10:50 ERROR Properties hasn't found
2023-01-19 23:12:03 INFO  Getting properties
2023-01-19 23:12:03 INFO  User message created
