2023-01-12 19:24:41 INFO  Getting properties
2023-01-12 19:24:41 INFO  User message created
2023-01-12 19:24:42 INFO  Json file created
2023-01-12 19:24:42 INFO  Xml file created
2023-01-12 19:26:07 INFO  Getting properties
2023-01-12 19:26:07 INFO  User message created
2023-01-12 19:26:07 INFO  Json file created
2023-01-12 19:26:07 INFO  Xml file created
2023-01-12 19:26:45 INFO  Getting properties
2023-01-12 19:26:45 INFO  User message created
2023-01-12 19:26:45 INFO  Json file created
2023-01-12 19:26:45 INFO  Xml file created
2023-01-12 19:27:14 ERROR Properties hasn't found
2023-01-15 16:25:54 INFO  Getting properties
2023-01-15 16:25:54 INFO  User message created
2023-01-15 16:25:54 ERROR Json file hasn't found 
2023-01-15 16:26:44 INFO  Getting properties
2023-01-15 16:26:44 INFO  User message created
2023-01-15 16:26:44 INFO  Json file created
2023-01-15 16:26:44 INFO  Xml file created
2023-01-15 16:39:52 INFO  Getting properties
2023-01-15 16:39:52 INFO  User message created
2023-01-15 16:39:53 INFO  Json file created
2023-01-15 16:42:00 INFO  Getting properties
2023-01-15 16:42:00 INFO  User message created
2023-01-15 16:42:01 INFO  Json file created
2023-01-15 16:42:18 ERROR Properties hasn't found
2023-01-15 16:42:38 ERROR Properties hasn't found
2023-01-16 16:29:30 INFO  Getting properties
2023-01-16 16:29:30 INFO  User message created
2023-01-16 16:29:31 INFO  Json file created
2023-01-16 16:29:31 INFO  Xml file created
2023-01-16 16:30:37 INFO  Getting properties
2023-01-16 16:30:37 INFO  User message created
2023-01-16 16:30:38 INFO  Json file created
2023-01-16 16:30:38 INFO  Xml file created
2023-01-16 16:30:58 INFO  Getting properties
2023-01-16 16:30:58 INFO  User message created
2023-01-16 16:30:58 INFO  Json file created
2023-01-16 16:30:58 INFO  Xml file created
2023-01-16 16:52:20 INFO  Getting properties
2023-01-16 16:52:20 INFO  User message created
2023-01-16 16:52:21 INFO  Json file created
2023-01-16 16:52:21 INFO  Xml file created
