2023-01-23 12:23:30 INFO  Getting properties
2023-01-23 12:23:30 INFO  User message created
2023-01-23 12:24:09 INFO  Getting properties
2023-01-23 12:24:09 INFO  User message created
2023-01-23 12:24:29 INFO  Getting properties
2023-01-23 12:24:29 INFO  User message created
2023-01-23 12:24:49 INFO  Getting properties
2023-01-23 12:24:49 INFO  User message created
2023-01-23 12:24:49 INFO  Settings properties hasn't found
2023-01-23 12:26:59 INFO  Getting properties
2023-01-23 12:26:59 INFO  User message created
2023-01-23 12:28:02 INFO  Getting properties
2023-01-23 12:28:02 INFO  User message created
2023-01-23 12:28:02 INFO  Getting settings properties
2023-01-23 12:28:03 INFO  Xml file created
2023-01-29 19:15:36 INFO  Getting properties
2023-01-29 19:15:36 INFO  User message created
2023-01-29 19:15:36 INFO  Getting settings properties
2023-01-29 19:15:37 INFO  Xml file created
2023-01-29 19:16:11 INFO  Getting properties
2023-01-29 19:16:11 INFO  User message created
2023-01-29 19:16:11 INFO  Getting settings properties
